# JRE version: OpenJDK Runtime Environment (8.0_242) (build 1.8.0_242-release-1644-b3-6222593)
# Java VM: OpenJDK 64-Bit Server VM (25.242-b3-6222593 mixed mode linux-amd64 compressed oops)
Heap:
 PSYoungGen      total 357888K, used 12113K [0x00000000e0000000, 0x00000000f7500000, 0x0000000100000000)
  eden space 333824K, 0% used [0x00000000e0000000,0x00000000e0000000,0x00000000f4600000)
  from space 24064K, 50% used [0x00000000f4600000,0x00000000f51d4608,0x00000000f5d80000)
  to   space 20992K, 0% used [0x00000000f6000000,0x00000000f6000000,0x00000000f7480000)
 ParOldGen       total 70144K, used 39815K [0x00000000a0000000, 0x00000000a4480000, 0x00000000e0000000)
  object space 70144K, 56% used [0x00000000a0000000,0x00000000a26e1e40,0x00000000a4480000)
 Metaspace       used 74850K, capacity 78200K, committed 78488K, reserved 1118208K
  class space    used 9892K, capacity 10559K, committed 10656K, reserved 1048576K
GC Heap History (10 events):
Event: 48.112 GC heap after
Heap after GC invocations=13 (full 2):
 PSYoungGen      total 185856K, used 11695K [0x00000000e0000000, 0x00000000f0400000, 0x0000000100000000)
  eden space 173056K, 0% used [0x00000000e0000000,0x00000000e0000000,0x00000000ea900000)
  from space 12800K, 91% used [0x00000000ea900000,0x00000000eb46bc70,0x00000000eb580000)
  to   space 14336K, 0% used [0x00000000ef600000,0x00000000ef600000,0x00000000f0400000)
 ParOldGen       total 46080K, used 15409K [0x00000000a0000000, 0x00000000a2d00000, 0x00000000e0000000)
  object space 46080K, 33% used [0x00000000a0000000,0x00000000a0f0c6b0,0x00000000a2d00000)
 Metaspace       used 42648K, capacity 44384K, committed 44584K, reserved 1087488K
  class space    used 5787K, capacity 6167K, committed 6192K, reserved 1048576K
}
Event: 63.488 GC heap before
{Heap before GC invocations=14 (full 2):
 PSYoungGen      total 185856K, used 184751K [0x00000000e0000000, 0x00000000f0400000, 0x0000000100000000)
  eden space 173056K, 100% used [0x00000000e0000000,0x00000000ea900000,0x00000000ea900000)
  from space 12800K, 91% used [0x00000000ea900000,0x00000000eb46bc70,0x00000000eb580000)
  to   space 14336K, 0% used [0x00000000ef600000,0x00000000ef600000,0x00000000f0400000)
 ParOldGen       total 46080K, used 15409K [0x00000000a0000000, 0x00000000a2d00000, 0x00000000e0000000)
  object space 46080K, 33% used [0x00000000a0000000,0x00000000a0f0c6b0,0x00000000a2d00000)
 Metaspace       used 56646K, capacity 58910K, committed 59160K, reserved 1099776K
  class space    used 7695K, capacity 8146K, committed 8224K, reserved 1048576K
Event: 63.577 GC heap after
Heap after GC invocations=14 (full 2):
 PSYoungGen      total 245248K, used 14319K [0x00000000e0000000, 0x00000000f0c80000, 0x0000000100000000)
  eden space 230912K, 0% used [0x00000000e0000000,0x00000000e0000000,0x00000000ee180000)
  from space 14336K, 99% used [0x00000000ef600000,0x00000000f03fbf70,0x00000000f0400000)
  to   space 20992K, 0% used [0x00000000ee180000,0x00000000ee180000,0x00000000ef600000)
 ParOldGen       total 46080K, used 27319K [0x00000000a0000000, 0x00000000a2d00000, 0x00000000e0000000)
  object space 46080K, 59% used [0x00000000a0000000,0x00000000a1aade08,0x00000000a2d00000)
 Metaspace       used 56646K, capacity 58910K, committed 59160K, reserved 1099776K
  class space    used 7695K, capacity 8146K, committed 8224K, reserved 1048576K
}
Event: 63.848 GC heap before
{Heap before GC invocations=15 (full 2):
 PSYoungGen      total 245248K, used 22148K [0x00000000e0000000, 0x00000000f0c80000, 0x0000000100000000)
  eden space 230912K, 3% used [0x00000000e0000000,0x00000000e07a5098,0x00000000ee180000)
  from space 14336K, 99% used [0x00000000ef600000,0x00000000f03fbf70,0x00000000f0400000)
  to   space 20992K, 0% used [0x00000000ee180000,0x00000000ee180000,0x00000000ef600000)
 ParOldGen       total 46080K, used 27319K [0x00000000a0000000, 0x00000000a2d00000, 0x00000000e0000000)
  object space 46080K, 59% used [0x00000000a0000000,0x00000000a1aade08,0x00000000a2d00000)
 Metaspace       used 56872K, capacity 59110K, committed 59160K, reserved 1099776K
  class space    used 7729K, capacity 8212K, committed 8224K, reserved 1048576K
Event: 63.879 GC heap after
Heap after GC invocations=15 (full 2):
 PSYoungGen      total 251904K, used 465K [0x00000000e0000000, 0x00000000f7480000, 0x0000000100000000)
  eden space 230912K, 0% used [0x00000000e0000000,0x00000000e0000000,0x00000000ee180000)
  from space 20992K, 2% used [0x00000000ee180000,0x00000000ee1f4560,0x00000000ef600000)
  to   space 20992K, 0% used [0x00000000f6000000,0x00000000f6000000,0x00000000f7480000)
 ParOldGen       total 46080K, used 38368K [0x00000000a0000000, 0x00000000a2d00000, 0x00000000e0000000)
  object space 46080K, 83% used [0x00000000a0000000,0x00000000a25781e8,0x00000000a2d00000)
 Metaspace       used 56872K, capacity 59110K, committed 59160K, reserved 1099776K
  class space    used 7729K, capacity 8212K, committed 8224K, reserved 1048576K
}
Event: 63.880 GC heap before
{Heap before GC invocations=16 (full 3):
 PSYoungGen      total 251904K, used 465K [0x00000000e0000000, 0x00000000f7480000, 0x0000000100000000)
  eden space 230912K, 0% used [0x00000000e0000000,0x00000000e0000000,0x00000000ee180000)
  from space 20992K, 2% used [0x00000000ee180000,0x00000000ee1f4560,0x00000000ef600000)
  to   space 20992K, 0% used [0x00000000f6000000,0x00000000f6000000,0x00000000f7480000)
 ParOldGen       total 46080K, used 38368K [0x00000000a0000000, 0x00000000a2d00000, 0x00000000e0000000)
  object space 46080K, 83% used [0x00000000a0000000,0x00000000a25781e8,0x00000000a2d00000)
 Metaspace       used 56872K, capacity 59110K, committed 59160K, reserved 1099776K
  class space    used 7729K, capacity 8212K, committed 8224K, reserved 1048576K
Event: 64.437 GC heap after
Heap after GC invocations=16 (full 3):
 PSYoungGen      total 251904K, used 0K [0x00000000e0000000, 0x00000000f7480000, 0x0000000100000000)
  eden space 230912K, 0% used [0x00000000e0000000,0x00000000e0000000,0x00000000ee180000)
  from space 20992K, 0% used [0x00000000ee180000,0x00000000ee180000,0x00000000ef600000)
  to   space 20992K, 0% used [0x00000000f6000000,0x00000000f6000000,0x00000000f7480000)
 ParOldGen       total 70144K, used 29294K [0x00000000a0000000, 0x00000000a4480000, 0x00000000e0000000)
  object space 70144K, 41% used [0x00000000a0000000,0x00000000a1c9b900,0x00000000a4480000)
 Metaspace       used 56852K, capacity 59044K, committed 59160K, reserved 1099776K
  class space    used 7723K, capacity 8201K, committed 8224K, reserved 1048576K
}
Event: 1523.982 GC heap before
{Heap before GC invocations=17 (full 3):
 PSYoungGen      total 251904K, used 230912K [0x00000000e0000000, 0x00000000f7480000, 0x0000000100000000)
  eden space 230912K, 100% used [0x00000000e0000000,0x00000000ee180000,0x00000000ee180000)
  from space 20992K, 0% used [0x00000000ee180000,0x00000000ee180000,0x00000000ef600000)
  to   space 20992K, 0% used [0x00000000f6000000,0x00000000f6000000,0x00000000f7480000)
 ParOldGen       total 70144K, used 29294K [0x00000000a0000000, 0x00000000a4480000, 0x00000000e0000000)
  object space 70144K, 41% used [0x00000000a0000000,0x00000000a1c9b900,0x00000000a4480000)
 Metaspace       used 68338K, capacity 71368K, committed 71448K, reserved 1112064K
  class space    used 9153K, capacity 9739K, committed 9760K, reserved 1048576K
Event: 1561.877 GC heap after
Heap after GC invocations=17 (full 3):
 PSYoungGen      total 354816K, used 18981K [0x00000000e0000000, 0x00000000f7500000, 0x0000000100000000)
  eden space 333824K, 0% used [0x00000000e0000000,0x00000000e0000000,0x00000000f4600000)
  from space 20992K, 90% used [0x00000000f6000000,0x00000000f7289408,0x00000000f7480000)
  to   space 24064K, 0% used [0x00000000f4600000,0x00000000f4600000,0x00000000f5d80000)
 ParOldGen       total 70144K, used 29302K [0x00000000a0000000, 0x00000000a4480000, 0x00000000e0000000)
  object space 70144K, 41% used [0x00000000a0000000,0x00000000a1c9d900,0x00000000a4480000)
 Metaspace       used 68338K, capacity 71368K, committed 71448K, reserved 1112064K
  class space    used 9153K, capacity 9739K, committed 9760K, reserved 1048576K
}
Event: 1952.439 GC heap before
{Heap before GC invocations=18 (full 3):
 PSYoungGen      total 354816K, used 352805K [0x00000000e0000000, 0x00000000f7500000, 0x0000000100000000)
  eden space 333824K, 100% used [0x00000000e0000000,0x00000000f4600000,0x00000000f4600000)
  from space 20992K, 90% used [0x00000000f6000000,0x00000000f7289408,0x00000000f7480000)
  to   space 24064K, 0% used [0x00000000f4600000,0x00000000f4600000,0x00000000f5d80000)
 ParOldGen       total 70144K, used 29302K [0x00000000a0000000, 0x00000000a4480000, 0x00000000e0000000)
  object space 70144K, 41% used [0x00000000a0000000,0x00000000a1c9d900,0x00000000a4480000)
 Metaspace       used 74850K, capacity 78200K, committed 78488K, reserved 1118208K
  class space    used 9892K, capacity 10559K, committed 10656K, reserved 1048576K

